This file contains any messages produced by compilers while
running configure, to aid debugging if configure makes a mistake.

It was created by cln configure 1.3.7, which was
generated by GNU Autoconf 2.71.  Invocation command line was

  $ ./configure

## --------- ##
## Platform. ##
## --------- ##

hostname = framework
uname -m = x86_64
uname -r = 6.6.87
uname -s = Linux
uname -v = #1-NixOS SMP PREEMPT_DYNAMIC Thu Apr 10 12:37:44 UTC 2025

/usr/bin/uname -p = unknown
/bin/uname -X     = unknown

/bin/arch              = unknown
/usr/bin/arch -k       = unknown
/usr/convex/getsysinfo = unknown
/usr/bin/hostinfo      = unknown
/bin/machine           = unknown
/usr/bin/oslevel       = unknown
/bin/universe          = unknown

PATH: /home/duda/.config/zsh/scripts/
PATH: /nix/store/9wwkzvmrlv43y71rbw8sbh9bamc62a16-patchelf-0.15.0/bin/
PATH: /nix/store/gnd8f9h2ycxrfrvrga508c4n9cxy6720-gcc-wrapper-13.3.0/bin/
PATH: /nix/store/yg4ahy7gahx91nq80achmzilrjyv0scj-gcc-13.3.0/bin/
PATH: /nix/store/2kiskq24j06g4qw3xs8zsy2dkawh4gxk-glibc-2.40-66-bin/bin/
PATH: /nix/store/9m68vvhnsq5cpkskphgw84ikl9m6wjwp-coreutils-9.5/bin/
PATH: /nix/store/1mv8pj4nxwnd9bbxshljc9p4cnl3rakj-binutils-wrapper-2.43.1/bin/
PATH: /nix/store/22qnvg3zddkf7rbpckv676qpsc2najv9-binutils-2.43.1/bin/
PATH: /nix/store/w5ccvkai5qqrla7k10zd718drb44m2km-cmake-3.30.5/bin/
PATH: /nix/store/cyv7kh0g0753jga38b4256ag4q8p665k-gnumake-4.4.1/bin/
PATH: /nix/store/c6mlpw8bb0n9rc38hihmy0zzc1w81ljr-clang-wrapper-18.1.8/bin/
PATH: /nix/store/xh83qmhv7ypmsqd0qg2aqr6irdah2i0q-clang-18.1.8/bin/
PATH: /nix/store/q3vpsxhzdj15yjzhzq94x55m99wly5w8-binutils-wrapper-2.43.1/bin/
PATH: /nix/store/bgxzckprsfwr72dzvy4n6j1634j72xdm-llvm-18.1.8-dev/bin/
PATH: /nix/store/mvs93pdl89k5q311yd4frl2d5vk1qb7d-ncurses-6.4.20221231-dev/bin/
PATH: /nix/store/z7ndn3k8zfjrf713gq443q7a2ixzaab5-ncurses-6.4.20221231/bin/
PATH: /nix/store/8cbvw97r7y8zfrd4w1vccvg7zikr5nm2-llvm-18.1.8/bin/
PATH: /nix/store/0rj95r1qia9qgpmyd6msjacjiws6zg28-gnum4-1.4.19/bin/
PATH: /nix/store/fz4yh05dwsbdaq1h2mxf6ls3vnz4jjr4-cargo-1.86.0/bin/
PATH: /nix/store/szc39h0qqfs4fvvln0c59pz99q90zzdn-rustc-wrapper-1.86.0/bin/
PATH: /nix/store/5d90hwjsxkxqdj48brmp4lxdsqsl426m-rustup-1.27.1/bin/
PATH: /nix/store/812jq2r151dn907s380za2rqpdwyjgd1-rust-bindgen-0.70.1/bin/
PATH: /nix/store/i0m255fxnif8zc9z4bpcr3p867i4222h-rust-cbindgen-0.27.0/bin/
PATH: /nix/store/70sgq9ign6gaywsxsz2g6fkvmmrf63qw-gdb-15.2/bin/
PATH: /nix/store/cxpjblyjp30f4qzbwsjq50mijslqc94x-lldb-18.1.8/bin/
PATH: /nix/store/v7iqbrcy45kbqx17z6vqva684p4y34y3-compiler-rt-libc-18.1.8/bin/
PATH: /nix/store/vc2d1bfy1a5y1195nq7k6p0zcm6q89nx-findutils-4.10.0/bin/
PATH: /nix/store/lr3cvmq5ahqcj29p8c6m0fdl1y8krc86-diffutils-3.10/bin/
PATH: /nix/store/3ks7b6p43dpvnlnxgvlcy2jaf1np37p2-gnused-4.9/bin/
PATH: /nix/store/qjsj5vnbfpbg6r7jhd7znfgmcy0arn8n-gnugrep-3.11/bin/
PATH: /nix/store/3p3fwczck2yn1wwfjnymzkz8w11vbvg7-gawk-5.3.1/bin/
PATH: /nix/store/pmg7hw4ar16dhx5hk6jswvxy349wzsm7-gnutar-1.35/bin/
PATH: /nix/store/nc394xps4al1r99ziabqvajbkrhxr5b7-gzip-1.13/bin/
PATH: /nix/store/yyfzan4mn874v885jy6fs598gjb31c4l-bzip2-1.0.8-bin/bin/
PATH: /nix/store/m3da56j3r7h4hp0kr8v1xsnk16x900yf-gnumake-4.4.1/bin/
PATH: /nix/store/8vpg72ik2kgxfj05lc56hkqrdrfl8xi9-bash-5.2p37/bin/
PATH: /nix/store/zfjv48ikkqn3yhi8zi7lvqvxyscbg87n-patch-2.7.6/bin/
PATH: /nix/store/rbns8mzghhqxih4hj2js4mb4s6ivy5d1-xz-5.6.3-bin/bin/
PATH: /nix/store/p751fjd81h3926ivxsq0x20lz5j7yscc-file-5.45/bin/
PATH: /nix/store/znrady8b48rfqwfb35avgy724vyzd9ps-kitty-0.37.0/bin/
PATH: /nix/store/rqinrypmf3wpix372abngifixb55ymmx-imagemagick-7.1.1-45/bin/
PATH: /run/wrappers/bin/
PATH: /home/duda/.nix-profile/bin/
PATH: /nix/profile/bin/
PATH: /home/duda/.local/state/nix/profile/bin/
PATH: /etc/profiles/per-user/duda/bin/
PATH: /nix/var/nix/profiles/default/bin/
PATH: /run/current-system/sw/bin/


## ----------- ##
## Core tests. ##
## ----------- ##

configure:3096: looking for aux files: config.rpath ltmain.sh config.guess config.sub compile missing install-sh
configure:3109:  trying ./build-aux/
configure:3138:   ./build-aux/config.rpath found
configure:3138:   ./build-aux/ltmain.sh found
configure:3138:   ./build-aux/config.guess found
configure:3138:   ./build-aux/config.sub found
configure:3138:   ./build-aux/compile found
configure:3138:   ./build-aux/missing found
configure:3120:   ./build-aux/install-sh found
configure:3273: checking for a BSD-compatible install
configure:3346: result: /nix/store/9m68vvhnsq5cpkskphgw84ikl9m6wjwp-coreutils-9.5/bin/install -c
configure:3357: checking whether build environment is sane
configure:3412: result: yes
configure:3571: checking for a race-free mkdir -p
configure:3615: result: /nix/store/9m68vvhnsq5cpkskphgw84ikl9m6wjwp-coreutils-9.5/bin/mkdir -p
configure:3622: checking for gawk
configure:3643: found /nix/store/3p3fwczck2yn1wwfjnymzkz8w11vbvg7-gawk-5.3.1/bin/gawk
configure:3654: result: gawk
configure:3665: checking whether make sets $(MAKE)
configure:3688: result: yes
configure:3718: checking whether make supports nested variables
configure:3736: result: yes
configure:3943: checking for gcc
configure:3975: result: gcc
configure:4328: checking for C compiler version
configure:4337: gcc --version >&5
gcc (GCC) 13.3.0
Copyright (C) 2023 Free Software Foundation, Inc.
This is free software; see the source for copying conditions.  There is NO
warranty; not even for MERCHANTABILITY or FITNESS FOR A PARTICULAR PURPOSE.

configure:4348: $? = 0
configure:4337: gcc -v >&5
Using built-in specs.
COLLECT_GCC=/nix/store/yg4ahy7gahx91nq80achmzilrjyv0scj-gcc-13.3.0/bin/gcc
COLLECT_LTO_WRAPPER=/nix/store/yg4ahy7gahx91nq80achmzilrjyv0scj-gcc-13.3.0/libexec/gcc/x86_64-unknown-linux-gnu/13.3.0/lto-wrapper
Target: x86_64-unknown-linux-gnu
Configured with: ../gcc-13.3.0/configure --prefix=/nix/store/eeeeeeeeeeeeeeeeeeeeeeeeeeeeeeee-gcc-13.3.0 --with-gmp-include=/nix/store/eeeeeeeeeeeeeeeeeeeeeeeeeeeeeeee-gmp-6.3.0-dev/include --with-gmp-lib=/nix/store/eeeeeeeeeeeeeeeeeeeeeeeeeeeeeeee-gmp-6.3.0/lib --with-mpfr-include=/nix/store/eeeeeeeeeeeeeeeeeeeeeeeeeeeeeeee-mpfr-4.2.1-dev/include --with-mpfr-lib=/nix/store/eeeeeeeeeeeeeeeeeeeeeeeeeeeeeeee-mpfr-4.2.1/lib --with-mpc=/nix/store/eeeeeeeeeeeeeeeeeeeeeeeeeeeeeeee-libmpc-1.3.1 --with-native-system-header-dir=/nix/store/eeeeeeeeeeeeeeeeeeeeeeeeeeeeeeee-glibc-2.40-66-dev/include --with-build-sysroot=/ --with-gxx-include-dir=/nix/store/eeeeeeeeeeeeeeeeeeeeeeeeeeeeeeee-gcc-13.3.0/include/c++/13.3.0/ --program-prefix= --enable-lto --disable-libstdcxx-pch --without-included-gettext --with-system-zlib --enable-static --enable-languages=c,c++ --disable-multilib --enable-plugin --disable-libcc1 --with-isl=/nix/store/eeeeeeeeeeeeeeeeeeeeeeeeeeeeeeee-isl-0.20 --disable-bootstrap --build=x86_64-unknown-linux-gnu --host=x86_64-unknown-linux-gnu --target=x86_64-unknown-linux-gnu
Thread model: posix
Supported LTO compression algorithms: zlib
gcc version 13.3.0 (GCC) 
configure:4348: $? = 0
configure:4337: gcc -V >&5
gcc: error: unrecognized command-line option '-V'
gcc: fatal error: no input files
compilation terminated.
configure:4348: $? = 1
configure:4337: gcc -qversion >&5
gcc: error: unrecognized command-line option '-qversion'; did you mean '--version'?
gcc: fatal error: no input files
compilation terminated.
configure:4348: $? = 1
configure:4337: gcc -version >&5
gcc: error: unrecognized command-line option '-version'
gcc: fatal error: no input files
compilation terminated.
configure:4348: $? = 1
configure:4368: checking whether the C compiler works
configure:4390: gcc    conftest.c  >&5
configure:4394: $? = 0
configure:4444: result: yes
configure:4447: checking for C compiler default output file name
configure:4449: result: a.out
configure:4455: checking for suffix of executables
configure:4462: gcc -o conftest    conftest.c  >&5
configure:4466: $? = 0
configure:4489: result: 
configure:4511: checking whether we are cross compiling
configure:4519: gcc -o conftest    conftest.c  >&5
configure:4523: $? = 0
configure:4530: ./conftest
configure:4534: $? = 0
configure:4549: result: no
configure:4554: checking for suffix of object files
configure:4577: gcc -c   conftest.c >&5
configure:4581: $? = 0
configure:4603: result: o
configure:4607: checking whether the compiler supports GNU C
configure:4627: gcc -c   conftest.c >&5
configure:4627: $? = 0
configure:4637: result: yes
configure:4648: checking whether gcc accepts -g
configure:4669: gcc -c -g  conftest.c >&5
configure:4669: $? = 0
configure:4713: result: yes
configure:4733: checking for gcc option to enable C11 features
configure:4748: gcc  -c -g -O2  conftest.c >&5
configure:4748: $? = 0
configure:4766: result: none needed
configure:4882: checking whether gcc understands -c and -o together
configure:4905: gcc -c conftest.c -o conftest2.o
configure:4908: $? = 0
configure:4905: gcc -c conftest.c -o conftest2.o
configure:4908: $? = 0
configure:4920: result: yes
configure:4940: checking whether make supports the include directive
configure:4955: make -f confmf.GNU && cat confinc.out
this is the am__doit target
configure:4958: $? = 0
configure:4977: result: yes (GNU style)
configure:5003: checking dependency style of gcc
configure:5115: result: gcc3
configure:5135: checking how to run the C preprocessor
configure:5161: gcc -E  conftest.c
configure:5161: $? = 0
configure:5176: gcc -E  conftest.c
conftest.c:11:10: fatal error: ac_nonexistent.h: No such file or directory
   11 | #include <ac_nonexistent.h>
      |          ^~~~~~~~~~~~~~~~~~
compilation terminated.
configure:5176: $? = 1
configure: failed program was:
| /* confdefs.h */
| #define PACKAGE_NAME "cln"
| #define PACKAGE_TARNAME "cln"
| #define PACKAGE_VERSION "1.3.7"
| #define PACKAGE_STRING "cln 1.3.7"
| #define PACKAGE_BUGREPORT ""
| #define PACKAGE_URL ""
| #define PACKAGE "cln"
| #define VERSION "1.3.7"
| /* end confdefs.h.  */
| #include <ac_nonexistent.h>
configure:5203: result: gcc -E
configure:5217: gcc -E  conftest.c
configure:5217: $? = 0
configure:5232: gcc -E  conftest.c
conftest.c:11:10: fatal error: ac_nonexistent.h: No such file or directory
   11 | #include <ac_nonexistent.h>
      |          ^~~~~~~~~~~~~~~~~~
compilation terminated.
configure:5232: $? = 1
configure: failed program was:
| /* confdefs.h */
| #define PACKAGE_NAME "cln"
| #define PACKAGE_TARNAME "cln"
| #define PACKAGE_VERSION "1.3.7"
| #define PACKAGE_STRING "cln 1.3.7"
| #define PACKAGE_BUGREPORT ""
| #define PACKAGE_URL ""
| #define PACKAGE "cln"
| #define VERSION "1.3.7"
| /* end confdefs.h.  */
| #include <ac_nonexistent.h>
configure:5390: checking for C++ compiler version
configure:5399: g++ --version >&5
g++ (GCC) 13.3.0
Copyright (C) 2023 Free Software Foundation, Inc.
This is free software; see the source for copying conditions.  There is NO
warranty; not even for MERCHANTABILITY or FITNESS FOR A PARTICULAR PURPOSE.

configure:5410: $? = 0
configure:5399: g++ -v >&5
Using built-in specs.
COLLECT_GCC=/nix/store/yg4ahy7gahx91nq80achmzilrjyv0scj-gcc-13.3.0/bin/g++
COLLECT_LTO_WRAPPER=/nix/store/yg4ahy7gahx91nq80achmzilrjyv0scj-gcc-13.3.0/libexec/gcc/x86_64-unknown-linux-gnu/13.3.0/lto-wrapper
Target: x86_64-unknown-linux-gnu
Configured with: ../gcc-13.3.0/configure --prefix=/nix/store/eeeeeeeeeeeeeeeeeeeeeeeeeeeeeeee-gcc-13.3.0 --with-gmp-include=/nix/store/eeeeeeeeeeeeeeeeeeeeeeeeeeeeeeee-gmp-6.3.0-dev/include --with-gmp-lib=/nix/store/eeeeeeeeeeeeeeeeeeeeeeeeeeeeeeee-gmp-6.3.0/lib --with-mpfr-include=/nix/store/eeeeeeeeeeeeeeeeeeeeeeeeeeeeeeee-mpfr-4.2.1-dev/include --with-mpfr-lib=/nix/store/eeeeeeeeeeeeeeeeeeeeeeeeeeeeeeee-mpfr-4.2.1/lib --with-mpc=/nix/store/eeeeeeeeeeeeeeeeeeeeeeeeeeeeeeee-libmpc-1.3.1 --with-native-system-header-dir=/nix/store/eeeeeeeeeeeeeeeeeeeeeeeeeeeeeeee-glibc-2.40-66-dev/include --with-build-sysroot=/ --with-gxx-include-dir=/nix/store/eeeeeeeeeeeeeeeeeeeeeeeeeeeeeeee-gcc-13.3.0/include/c++/13.3.0/ --program-prefix= --enable-lto --disable-libstdcxx-pch --without-included-gettext --with-system-zlib --enable-static --enable-languages=c,c++ --disable-multilib --enable-plugin --disable-libcc1 --with-isl=/nix/store/eeeeeeeeeeeeeeeeeeeeeeeeeeeeeeee-isl-0.20 --disable-bootstrap --build=x86_64-unknown-linux-gnu --host=x86_64-unknown-linux-gnu --target=x86_64-unknown-linux-gnu
Thread model: posix
Supported LTO compression algorithms: zlib
gcc version 13.3.0 (GCC) 
configure:5410: $? = 0
configure:5399: g++ -V >&5
g++: error: unrecognized command-line option '-V'
g++: fatal error: no input files
compilation terminated.
configure:5410: $? = 1
configure:5399: g++ -qversion >&5
g++: error: unrecognized command-line option '-qversion'; did you mean '--version'?
g++: fatal error: no input files
compilation terminated.
configure:5410: $? = 1
configure:5414: checking whether the compiler supports GNU C++
configure:5434: g++ -c   conftest.cpp >&5
configure:5434: $? = 0
configure:5444: result: yes
configure:5455: checking whether g++ accepts -g
configure:5476: g++ -c -g  conftest.cpp >&5
configure:5476: $? = 0
configure:5520: result: yes
configure:5540: checking for g++ option to enable C++11 features
configure:5555: g++  -c -g -O2  conftest.cpp >&5
conftest.cpp: In function 'int main(int, char**)':
conftest.cpp:177:25: warning: empty parentheses were disambiguated as a function declaration [-Wvexing-parse]
  177 |   cxx11test::delegate d2();
      |                         ^~
conftest.cpp:177:25: note: remove parentheses to default-initialize a variable
  177 |   cxx11test::delegate d2();
      |                         ^~
      |                         --
conftest.cpp:177:25: note: or replace parentheses with braces to value-initialize a variable
configure:5555: $? = 0
configure:5573: result: none needed
configure:5639: checking dependency style of g++
configure:5751: result: gcc3
configure:5771: checking how to run the C++ preprocessor
configure:5793: g++ -E  conftest.cpp
configure:5793: $? = 0
configure:5808: g++ -E  conftest.cpp
conftest.cpp:11:10: fatal error: ac_nonexistent.h: No such file or directory
   11 | #include <ac_nonexistent.h>
      |          ^~~~~~~~~~~~~~~~~~
compilation terminated.
configure:5808: $? = 1
configure: failed program was:
| /* confdefs.h */
| #define PACKAGE_NAME "cln"
| #define PACKAGE_TARNAME "cln"
| #define PACKAGE_VERSION "1.3.7"
| #define PACKAGE_STRING "cln 1.3.7"
| #define PACKAGE_BUGREPORT ""
| #define PACKAGE_URL ""
| #define PACKAGE "cln"
| #define VERSION "1.3.7"
| /* end confdefs.h.  */
| #include <ac_nonexistent.h>
configure:5835: result: g++ -E
configure:5849: g++ -E  conftest.cpp
configure:5849: $? = 0
configure:5864: g++ -E  conftest.cpp
conftest.cpp:11:10: fatal error: ac_nonexistent.h: No such file or directory
   11 | #include <ac_nonexistent.h>
      |          ^~~~~~~~~~~~~~~~~~
compilation terminated.
configure:5864: $? = 1
configure: failed program was:
| /* confdefs.h */
| #define PACKAGE_NAME "cln"
| #define PACKAGE_TARNAME "cln"
| #define PACKAGE_VERSION "1.3.7"
| #define PACKAGE_STRING "cln 1.3.7"
| #define PACKAGE_BUGREPORT ""
| #define PACKAGE_URL ""
| #define PACKAGE "cln"
| #define VERSION "1.3.7"
| /* end confdefs.h.  */
| #include <ac_nonexistent.h>
configure:5896: checking for underscore in external names
configure:5911: gcc -S conftest.c
configure:5914: $? = 0
configure:5924: result: no
configure:5944: checking dependency style of gcc
configure:6054: result: gcc3
configure:6072: checking whether --noexecstack is desirable for .s files
configure:6083: gcc -g -O2 
                     -S -o conftest.s conftest.c >/dev/null
configure:6086: $? = 0
configure:6091: gcc -g -O2  -Wa,--noexecstack
                       -c -o conftest.o conftest.s >/dev/null
configure:6094: $? = 0
configure:6103: result: yes
configure:6116: checking build system type
configure:6131: result: x86_64-pc-linux-gnu
configure:6151: checking host system type
configure:6165: result: x86_64-pc-linux-gnu
configure:6190: checking for grep that handles long lines and -e
configure:6254: result: /nix/store/qjsj5vnbfpbg6r7jhd7znfgmcy0arn8n-gnugrep-3.11/bin/grep
configure:6259: checking for egrep
configure:6327: result: /nix/store/qjsj5vnbfpbg6r7jhd7znfgmcy0arn8n-gnugrep-3.11/bin/grep -E
configure:6422: checking for 64-bit userland on x86-64
configure:6444: gcc -c -g -O2  conftest.c >&5
configure:6444: $? = 0
configure:6453: result: yes
configure:6622: checking how to print strings
configure:6649: result: printf
configure:6670: checking for a sed that does not truncate output
configure:6740: result: /nix/store/3ks7b6p43dpvnlnxgvlcy2jaf1np37p2-gnused-4.9/bin/sed
configure:6758: checking for fgrep
configure:6826: result: /nix/store/qjsj5vnbfpbg6r7jhd7znfgmcy0arn8n-gnugrep-3.11/bin/grep -F
configure:6862: checking for ld used by gcc
configure:6930: result: ld
configure:6937: checking if the linker (ld) is GNU ld
configure:6953: result: yes
configure:6965: checking for BSD- or MS-compatible name lister (nm)
configure:7020: result: nm
configure:7160: checking the name lister (nm) interface
configure:7168: gcc -c -g -O2  conftest.c >&5
configure:7171: nm "conftest.o"
configure:7174: output
0000000000000000 B some_variable
configure:7181: result: BSD nm
configure:7184: checking whether ln -s works
configure:7188: result: yes
configure:7196: checking the maximum length of command line arguments
configure:7328: result: 1572864
configure:7376: checking how to convert x86_64-pc-linux-gnu file names to x86_64-pc-linux-gnu format
configure:7417: result: func_convert_file_noop
configure:7424: checking how to convert x86_64-pc-linux-gnu file names to toolchain format
configure:7445: result: func_convert_file_noop
configure:7452: checking for ld option to reload object files
configure:7460: result: -r
configure:7539: checking for file
configure:7560: found /nix/store/p751fjd81h3926ivxsq0x20lz5j7yscc-file-5.45/bin/file
configure:7571: result: file
configure:7647: checking for objdump
configure:7679: result: objdump
configure:7711: checking how to recognize dependent libraries
configure:7912: result: pass_all
configure:8002: checking for dlltool
configure:8037: result: no
configure:8067: checking how to associate runtime and link libraries
configure:8095: result: printf %s\n
configure:8245: checking for archiver @FILE support
configure:8263: gcc -c -g -O2  conftest.c >&5
configure:8263: $? = 0
configure:8267: ar cr libconftest.a @conftest.lst >&5
configure:8270: $? = 0
configure:8275: ar cr libconftest.a @conftest.lst >&5
ar: conftest.o: No such file or directory
configure:8278: $? = 1
configure:8290: result: @
configure:8353: checking for strip
configure:8385: result: strip
configure:8462: checking for ranlib
configure:8494: result: ranlib
configure:8596: checking command to parse nm output from gcc object
configure:8750: gcc -c -g -O2  conftest.c >&5
configure:8753: $? = 0
configure:8757: nm conftest.o \| /nix/store/3ks7b6p43dpvnlnxgvlcy2jaf1np37p2-gnused-4.9/bin/sed -n -e 's/^.*[ ]\([ABCDGIRSTW][ABCDGIRSTW]*\)[ ][ ]*\([_A-Za-z][_A-Za-z0-9]*\)$/\1 \2 \2/p' | /nix/store/3ks7b6p43dpvnlnxgvlcy2jaf1np37p2-gnused-4.9/bin/sed '/ __gnu_lto/d' \> conftest.nm
configure:8760: $? = 0
configure:8826: gcc -o conftest -g -O2   conftest.c conftstm.o >&5
configure:8829: $? = 0
configure:8867: result: ok
configure:8914: checking for sysroot
configure:8945: result: no
configure:8952: checking for a working dd
configure:8996: result: /nix/store/9m68vvhnsq5cpkskphgw84ikl9m6wjwp-coreutils-9.5/bin/dd
configure:9000: checking how to truncate binary pipes
configure:9016: result: /nix/store/9m68vvhnsq5cpkskphgw84ikl9m6wjwp-coreutils-9.5/bin/dd bs=4096 count=1
configure:9153: gcc -c -g -O2  conftest.c >&5
configure:9156: $? = 0
configure:9353: checking for mt
configure:9388: result: no
configure:9408: checking if : is a manifest tool
configure:9415: : '-?'
configure:9423: result: no
configure:10148: checking for stdio.h
configure:10148: gcc -c -g -O2  conftest.c >&5
configure:10148: $? = 0
configure:10148: result: yes
configure:10148: checking for stdlib.h
configure:10148: gcc -c -g -O2  conftest.c >&5
configure:10148: $? = 0
configure:10148: result: yes
configure:10148: checking for string.h
configure:10148: gcc -c -g -O2  conftest.c >&5
configure:10148: $? = 0
configure:10148: result: yes
configure:10148: checking for inttypes.h
configure:10148: gcc -c -g -O2  conftest.c >&5
configure:10148: $? = 0
configure:10148: result: yes
configure:10148: checking for stdint.h
configure:10148: gcc -c -g -O2  conftest.c >&5
configure:10148: $? = 0
configure:10148: result: yes
configure:10148: checking for strings.h
configure:10148: gcc -c -g -O2  conftest.c >&5
configure:10148: $? = 0
configure:10148: result: yes
configure:10148: checking for sys/stat.h
configure:10148: gcc -c -g -O2  conftest.c >&5
configure:10148: $? = 0
configure:10148: result: yes
configure:10148: checking for sys/types.h
configure:10148: gcc -c -g -O2  conftest.c >&5
configure:10148: $? = 0
configure:10148: result: yes
configure:10148: checking for unistd.h
configure:10148: gcc -c -g -O2  conftest.c >&5
configure:10148: $? = 0
configure:10148: result: yes
configure:10173: checking for dlfcn.h
configure:10173: gcc -c -g -O2  conftest.c >&5
configure:10173: $? = 0
configure:10173: result: yes
configure:10412: checking for objdir
configure:10428: result: .libs
configure:10692: checking if gcc supports -fno-rtti -fno-exceptions
configure:10711: gcc -c -g -O2  -fno-rtti -fno-exceptions conftest.c >&5
cc1: warning: command-line option '-fno-rtti' is valid for C++/D/ObjC++ but not for C
configure:10715: $? = 0
configure:10728: result: no
configure:11086: checking for gcc option to produce PIC
configure:11094: result: -fPIC -DPIC
configure:11102: checking if gcc PIC flag -fPIC -DPIC works
configure:11121: gcc -c -g -O2  -fPIC -DPIC -DPIC conftest.c >&5
configure:11125: $? = 0
configure:11138: result: yes
configure:11167: checking if gcc static flag -static works
configure:11196: result: no
configure:11211: checking if gcc supports -c -o file.o
configure:11233: gcc -c -g -O2  -o out/conftest2.o conftest.c >&5
configure:11237: $? = 0
configure:11259: result: yes
configure:11267: checking if gcc supports -c -o file.o
configure:11315: result: yes
configure:11348: checking whether the gcc linker (ld -m elf_x86_64) supports shared libraries
configure:12616: result: yes
configure:12653: checking whether -lc should be explicitly linked in
configure:12662: gcc -c -g -O2  conftest.c >&5
configure:12665: $? = 0
configure:12680: gcc -shared  -fPIC -DPIC conftest.o  -v -Wl,-soname -Wl,conftest -o conftest 2\>\&1 \| /nix/store/qjsj5vnbfpbg6r7jhd7znfgmcy0arn8n-gnugrep-3.11/bin/grep  -lc  \>/dev/null 2\>\&1
configure:12683: $? = 0
configure:12697: result: no
configure:12857: checking dynamic linker characteristics
configure:13440: gcc -o conftest -g -O2   -Wl,-rpath -Wl,/foo conftest.c  >&5
configure:13440: $? = 0
configure:13679: result: GNU/Linux ld.so
configure:13801: checking how to hardcode library paths into programs
configure:13826: result: immediate
configure:14378: checking whether stripping libraries is possible
configure:14387: result: yes
configure:14429: checking if libtool supports shared libraries
configure:14431: result: yes
configure:14434: checking whether to build shared libraries
configure:14459: result: yes
configure:14462: checking whether to build static libraries
configure:14466: result: yes
configure:14489: checking how to run the C++ preprocessor
configure:14553: result: g++ -E
configure:14567: g++ -E  conftest.cpp
configure:14567: $? = 0
configure:14582: g++ -E  conftest.cpp
conftest.cpp:26:10: fatal error: ac_nonexistent.h: No such file or directory
   26 | #include <ac_nonexistent.h>
      |          ^~~~~~~~~~~~~~~~~~
compilation terminated.
configure:14582: $? = 1
configure: failed program was:
| /* confdefs.h */
| #define PACKAGE_NAME "cln"
| #define PACKAGE_TARNAME "cln"
| #define PACKAGE_VERSION "1.3.7"
| #define PACKAGE_STRING "cln 1.3.7"
| #define PACKAGE_BUGREPORT ""
| #define PACKAGE_URL ""
| #define PACKAGE "cln"
| #define VERSION "1.3.7"
| #ifndef __x86_64__
| #define __x86_64__ 1
| #endif
| #define HAVE_STDIO_H 1
| #define HAVE_STDLIB_H 1
| #define HAVE_STRING_H 1
| #define HAVE_INTTYPES_H 1
| #define HAVE_STDINT_H 1
| #define HAVE_STRINGS_H 1
| #define HAVE_SYS_STAT_H 1
| #define HAVE_SYS_TYPES_H 1
| #define HAVE_UNISTD_H 1
| #define STDC_HEADERS 1
| #define HAVE_DLFCN_H 1
| #define LT_OBJDIR ".libs/"
| /* end confdefs.h.  */
| #include <ac_nonexistent.h>
configure:14747: checking for ld used by g++
configure:14815: result: ld -m elf_x86_64
configure:14822: checking if the linker (ld -m elf_x86_64) is GNU ld
configure:14838: result: yes
configure:14893: checking whether the g++ linker (ld -m elf_x86_64) supports shared libraries
configure:15971: result: yes
configure:16007: g++ -c -g -O2  conftest.cpp >&5
configure:16010: $? = 0
configure:16491: checking for g++ option to produce PIC
configure:16499: result: -fPIC -DPIC
configure:16507: checking if g++ PIC flag -fPIC -DPIC works
configure:16526: g++ -c -g -O2  -fPIC -DPIC -DPIC conftest.cpp >&5
configure:16530: $? = 0
configure:16543: result: yes
configure:16566: checking if g++ static flag -static works
configure:16595: result: no
configure:16607: checking if g++ supports -c -o file.o
configure:16629: g++ -c -g -O2  -o out/conftest2.o conftest.cpp >&5
configure:16633: $? = 0
configure:16655: result: yes
configure:16660: checking if g++ supports -c -o file.o
configure:16708: result: yes
configure:16738: checking whether the g++ linker (ld -m elf_x86_64) supports shared libraries
configure:16778: result: yes
configure:16920: checking dynamic linker characteristics
configure:17669: result: GNU/Linux ld.so
configure:17734: checking how to hardcode library paths into programs
configure:17759: result: immediate
configure:17846: checking whether g++ supports C++11 features with -std=gnu++11
configure:18149: g++ -std=gnu++11 -c -g -O2  conftest.cpp >&5
configure:18149: $? = 0
configure:18159: result: yes
configure:18198: checking alignment of void*
configure:18204: g++ -std=gnu++11 -o conftest -g -O2   conftest.cpp  >&5
configure:18204: $? = 0
configure:18204: ./conftest
configure:18204: $? = 0
configure:18220: result: 8
configure:18231: checking for unistd.h
configure:18231: result: yes
configure:18240: checking for working alloca.h
configure:18258: g++ -std=gnu++11 -o conftest -g -O2   conftest.cpp  >&5
configure:18258: $? = 0
configure:18269: result: yes
configure:18298: checking for alloca
configure:18316: g++ -std=gnu++11 -o conftest -g -O2   conftest.cpp  >&5
configure:18316: $? = 0
configure:18327: result: yes
configure:18346: checking for gettimeofday
configure:18346: g++ -std=gnu++11 -o conftest -g -O2   conftest.cpp  >&5
configure:18346: $? = 0
configure:18346: result: yes
configure:18353: checking for gettimeofday declaration
configure:18381: g++ -std=gnu++11 -c -g -O2  conftest.cpp >&5
conftest.cpp:41:5: error: conflicting declaration of C function 'int gettimeofday(timeval*, timezone*)'
   41 | int gettimeofday (struct timeval * tp, struct timezone * tzp);
      |     ^~~~~~~~~~~~
In file included from conftest.cpp:34:
/nix/store/81awch8mhqanda1vy0c09bflgra4cxh0-glibc-2.40-66-dev/include/sys/time.h:67:12: note: previous declaration 'int gettimeofday(timeval*, void*)'
   67 | extern int gettimeofday (struct timeval *__restrict __tv,
      |            ^~~~~~~~~~~~
configure:18381: $? = 1
configure: failed program was:
| /* confdefs.h */
| #define PACKAGE_NAME "cln"
| #define PACKAGE_TARNAME "cln"
| #define PACKAGE_VERSION "1.3.7"
| #define PACKAGE_STRING "cln 1.3.7"
| #define PACKAGE_BUGREPORT ""
| #define PACKAGE_URL ""
| #define PACKAGE "cln"
| #define VERSION "1.3.7"
| #ifndef __x86_64__
| #define __x86_64__ 1
| #endif
| #define HAVE_STDIO_H 1
| #define HAVE_STDLIB_H 1
| #define HAVE_STRING_H 1
| #define HAVE_INTTYPES_H 1
| #define HAVE_STDINT_H 1
| #define HAVE_STRINGS_H 1
| #define HAVE_SYS_STAT_H 1
| #define HAVE_SYS_TYPES_H 1
| #define HAVE_UNISTD_H 1
| #define STDC_HEADERS 1
| #define HAVE_DLFCN_H 1
| #define LT_OBJDIR ".libs/"
| #define HAVE_CXX11 1
| #define ALIGNOF_VOIDP 8
| #define cl_word_alignment 8
| #define HAVE_UNISTD_H 1
| #define HAVE_ALLOCA_H /**/
| #define HAVE_GETTIMEOFDAY 1
| /* end confdefs.h.  */
| 
| #include <sys/types.h>
| #include <sys/time.h>
| 
| extern
| #ifdef __cplusplus
| "C"
| #endif
| 
| int gettimeofday (struct timeval * tp, struct timezone * tzp);
| 
| int
| main (void)
| {
| 
|   ;
|   return 0;
| }
configure:18408: g++ -std=gnu++11 -c -g -O2  conftest.cpp >&5
configure:18408: $? = 0
configure:18426: result: 
         extern int gettimeofday (struct timeval *, void *);
configure:18443: checking for sys/resource.h
configure:18443: g++ -std=gnu++11 -c -g -O2  conftest.cpp >&5
configure:18443: $? = 0
configure:18443: result: yes
configure:18449: checking for sys/times.h
configure:18449: g++ -std=gnu++11 -c -g -O2  conftest.cpp >&5
configure:18449: $? = 0
configure:18449: result: yes
configure:18456: checking for getrusage
configure:18476: g++ -std=gnu++11 -o conftest -g -O2   conftest.cpp  >&5
configure:18476: $? = 0
configure:18487: result: yes
configure:18493: checking for getrusage declaration
configure:18526: g++ -std=gnu++11 -c -g -O2  conftest.cpp >&5
configure:18526: $? = 0
configure:18539: result: 
         extern int getrusage (int, struct rusage *);
configure:18543: checking whether getrusage works
configure:18589: g++ -std=gnu++11 -o conftest -g -O2   conftest.cpp  >&5
configure:18589: $? = 0
configure:18589: ./conftest
configure:18589: $? = 0
configure:18600: result: yes
configure:18615: checking whether the compiler supports __attribute__((flatten))
configure:18625: g++ -std=gnu++11 -g -O2 -c conftest.cc >/dev/null 2>conftest.stderr
configure:18628: $? = 0
configure:18642: result: yes
configure:18650: checking whether char is unsigned
configure:18670: g++ -std=gnu++11 -c -g -O2  conftest.cpp >&5
configure:18670: $? = 0
configure:18678: result: no
configure:18689: checking whether byte ordering is bigendian
configure:18705: g++ -std=gnu++11 -c -g -O2  conftest.cpp >&5
conftest.cpp:39:16: error: expected unqualified-id before 'not' token
   39 |                not a universal capable compiler
      |                ^~~
configure:18705: $? = 1
configure: failed program was:
| /* confdefs.h */
| #define PACKAGE_NAME "cln"
| #define PACKAGE_TARNAME "cln"
| #define PACKAGE_VERSION "1.3.7"
| #define PACKAGE_STRING "cln 1.3.7"
| #define PACKAGE_BUGREPORT ""
| #define PACKAGE_URL ""
| #define PACKAGE "cln"
| #define VERSION "1.3.7"
| #ifndef __x86_64__
| #define __x86_64__ 1
| #endif
| #define HAVE_STDIO_H 1
| #define HAVE_STDLIB_H 1
| #define HAVE_STRING_H 1
| #define HAVE_INTTYPES_H 1
| #define HAVE_STDINT_H 1
| #define HAVE_STRINGS_H 1
| #define HAVE_SYS_STAT_H 1
| #define HAVE_SYS_TYPES_H 1
| #define HAVE_UNISTD_H 1
| #define STDC_HEADERS 1
| #define HAVE_DLFCN_H 1
| #define LT_OBJDIR ".libs/"
| #define HAVE_CXX11 1
| #define ALIGNOF_VOIDP 8
| #define cl_word_alignment 8
| #define HAVE_UNISTD_H 1
| #define HAVE_ALLOCA_H /**/
| #define HAVE_GETTIMEOFDAY 1
| #define GETTIMEOFDAY_TZP_T void *
| #define HAVE_SYS_RESOURCE_H 1
| #define HAVE_SYS_TIMES_H 1
| #define HAVE_GETRUSAGE /**/
| #define RUSAGE_WHO_T int
| #define CL_HAVE_ATTRIBUTE_FLATTEN /**/
| /* end confdefs.h.  */
| #ifndef __APPLE_CC__
| 	       not a universal capable compiler
| 	     #endif
| 	     typedef int dummy;
| 
configure:18751: g++ -std=gnu++11 -c -g -O2  conftest.cpp >&5
configure:18751: $? = 0
configure:18770: g++ -std=gnu++11 -c -g -O2  conftest.cpp >&5
conftest.cpp: In function 'int main()':
conftest.cpp:45:22: error: 'big' was not declared in this scope
   45 |                  not big endian
      |                      ^~~
configure:18770: $? = 1
configure: failed program was:
| /* confdefs.h */
| #define PACKAGE_NAME "cln"
| #define PACKAGE_TARNAME "cln"
| #define PACKAGE_VERSION "1.3.7"
| #define PACKAGE_STRING "cln 1.3.7"
| #define PACKAGE_BUGREPORT ""
| #define PACKAGE_URL ""
| #define PACKAGE "cln"
| #define VERSION "1.3.7"
| #ifndef __x86_64__
| #define __x86_64__ 1
| #endif
| #define HAVE_STDIO_H 1
| #define HAVE_STDLIB_H 1
| #define HAVE_STRING_H 1
| #define HAVE_INTTYPES_H 1
| #define HAVE_STDINT_H 1
| #define HAVE_STRINGS_H 1
| #define HAVE_SYS_STAT_H 1
| #define HAVE_SYS_TYPES_H 1
| #define HAVE_UNISTD_H 1
| #define STDC_HEADERS 1
| #define HAVE_DLFCN_H 1
| #define LT_OBJDIR ".libs/"
| #define HAVE_CXX11 1
| #define ALIGNOF_VOIDP 8
| #define cl_word_alignment 8
| #define HAVE_UNISTD_H 1
| #define HAVE_ALLOCA_H /**/
| #define HAVE_GETTIMEOFDAY 1
| #define GETTIMEOFDAY_TZP_T void *
| #define HAVE_SYS_RESOURCE_H 1
| #define HAVE_SYS_TIMES_H 1
| #define HAVE_GETRUSAGE /**/
| #define RUSAGE_WHO_T int
| #define CL_HAVE_ATTRIBUTE_FLATTEN /**/
| /* end confdefs.h.  */
| #include <sys/types.h>
| 		#include <sys/param.h>
| 
| int
| main (void)
| {
| #if BYTE_ORDER != BIG_ENDIAN
| 		 not big endian
| 		#endif
| 
|   ;
|   return 0;
| }
configure:18904: result: no
configure:18927: checking for integer types and behaviour
configure:20003: g++ -std=gnu++11 -o conftest -g -O2   conftest.cpp  >&5
conftest.cpp: In function 'void main8()':
conftest.cpp:498:22: warning: ISO C++ forbids converting a string constant to 'char*' [-Wwrite-strings]
  498 |   get_alignment(char,"char"); get_alignment(uchar,"unsigned char");
      |                      ^~~~~~
conftest.cpp:490:57: note: in definition of macro 'get_alignment'
  490 |     if (!(typestr[0] == 'u') && !(typestr[string_length(typestr)-1] == '*'))                              \
      |                                                         ^~~~~~~
conftest.cpp:498:51: warning: ISO C++ forbids converting a string constant to 'char*' [-Wwrite-strings]
  498 |   get_alignment(char,"char"); get_alignment(uchar,"unsigned char");
      |                                                   ^~~~~~~~~~~~~~~
conftest.cpp:490:57: note: in definition of macro 'get_alignment'
  490 |     if (!(typestr[0] == 'u') && !(typestr[string_length(typestr)-1] == '*'))                              \
      |                                                         ^~~~~~~
conftest.cpp:499:23: warning: ISO C++ forbids converting a string constant to 'char*' [-Wwrite-strings]
  499 |   get_alignment(short,"short"); get_alignment(ushort,"unsigned short");
      |                       ^~~~~~~
conftest.cpp:490:57: note: in definition of macro 'get_alignment'
  490 |     if (!(typestr[0] == 'u') && !(typestr[string_length(typestr)-1] == '*'))                              \
      |                                                         ^~~~~~~
conftest.cpp:499:54: warning: ISO C++ forbids converting a string constant to 'char*' [-Wwrite-strings]
  499 |   get_alignment(short,"short"); get_alignment(ushort,"unsigned short");
      |                                                      ^~~~~~~~~~~~~~~~
conftest.cpp:490:57: note: in definition of macro 'get_alignment'
  490 |     if (!(typestr[0] == 'u') && !(typestr[string_length(typestr)-1] == '*'))                              \
      |                                                         ^~~~~~~
conftest.cpp:500:21: warning: ISO C++ forbids converting a string constant to 'char*' [-Wwrite-strings]
  500 |   get_alignment(int,"int"); get_alignment(uint,"unsigned int");
      |                     ^~~~~
conftest.cpp:490:57: note: in definition of macro 'get_alignment'
  490 |     if (!(typestr[0] == 'u') && !(typestr[string_length(typestr)-1] == '*'))                              \
      |                                                         ^~~~~~~
conftest.cpp:500:48: warning: ISO C++ forbids converting a string constant to 'char*' [-Wwrite-strings]
  500 |   get_alignment(int,"int"); get_alignment(uint,"unsigned int");
      |                                                ^~~~~~~~~~~~~~
conftest.cpp:490:57: note: in definition of macro 'get_alignment'
  490 |     if (!(typestr[0] == 'u') && !(typestr[string_length(typestr)-1] == '*'))                              \
      |                                                         ^~~~~~~
conftest.cpp:501:22: warning: ISO C++ forbids converting a string constant to 'char*' [-Wwrite-strings]
  501 |   get_alignment(long,"long"); get_alignment(ulong,"unsigned long");
      |                      ^~~~~~
conftest.cpp:490:57: note: in definition of macro 'get_alignment'
  490 |     if (!(typestr[0] == 'u') && !(typestr[string_length(typestr)-1] == '*'))                              \
      |                                                         ^~~~~~~
conftest.cpp:501:51: warning: ISO C++ forbids converting a string constant to 'char*' [-Wwrite-strings]
  501 |   get_alignment(long,"long"); get_alignment(ulong,"unsigned long");
      |                                                   ^~~~~~~~~~~~~~~
conftest.cpp:490:57: note: in definition of macro 'get_alignment'
  490 |     if (!(typestr[0] == 'u') && !(typestr[string_length(typestr)-1] == '*'))                              \
      |                                                         ^~~~~~~
conftest.cpp:502:26: warning: ISO C++ forbids converting a string constant to 'char*' [-Wwrite-strings]
  502 |   get_alignment(longlong,"long long"); get_alignment(ulonglong,"unsigned long long");
      |                          ^~~~~~~~~~~
conftest.cpp:490:57: note: in definition of macro 'get_alignment'
  490 |     if (!(typestr[0] == 'u') && !(typestr[string_length(typestr)-1] == '*'))                              \
      |                                                         ^~~~~~~
conftest.cpp:502:64: warning: ISO C++ forbids converting a string constant to 'char*' [-Wwrite-strings]
  502 |   get_alignment(longlong,"long long"); get_alignment(ulonglong,"unsigned long long");
      |                                                                ^~~~~~~~~~~~~~~~~~~~
conftest.cpp:490:57: note: in definition of macro 'get_alignment'
  490 |     if (!(typestr[0] == 'u') && !(typestr[string_length(typestr)-1] == '*'))                              \
      |                                                         ^~~~~~~
conftest.cpp:503:23: warning: ISO C++ forbids converting a string constant to 'char*' [-Wwrite-strings]
  503 |   get_alignment(float,"float");
      |                       ^~~~~~~
conftest.cpp:490:57: note: in definition of macro 'get_alignment'
  490 |     if (!(typestr[0] == 'u') && !(typestr[string_length(typestr)-1] == '*'))                              \
      |                                                         ^~~~~~~
conftest.cpp:504:24: warning: ISO C++ forbids converting a string constant to 'char*' [-Wwrite-strings]
  504 |   get_alignment(double,"double");
      |                        ^~~~~~~~
conftest.cpp:490:57: note: in definition of macro 'get_alignment'
  490 |     if (!(typestr[0] == 'u') && !(typestr[string_length(typestr)-1] == '*'))                              \
      |                                                         ^~~~~~~
conftest.cpp:505:23: warning: ISO C++ forbids converting a string constant to 'char*' [-Wwrite-strings]
  505 |   get_alignment(char*,"char *");
      |                       ^~~~~~~~
conftest.cpp:490:57: note: in definition of macro 'get_alignment'
  490 |     if (!(typestr[0] == 'u') && !(typestr[string_length(typestr)-1] == '*'))                              \
      |                                                         ^~~~~~~
conftest.cpp:506:23: warning: ISO C++ forbids converting a string constant to 'char*' [-Wwrite-strings]
  506 |   get_alignment(long*,"long *");
      |                       ^~~~~~~~
conftest.cpp:490:57: note: in definition of macro 'get_alignment'
  490 |     if (!(typestr[0] == 'u') && !(typestr[string_length(typestr)-1] == '*'))                              \
      |                                                         ^~~~~~~
conftest.cpp:507:27: warning: ISO C++ forbids converting a string constant to 'char*' [-Wwrite-strings]
  507 |   get_alignment(function*,"function *");
      |                           ^~~~~~~~~~~~
conftest.cpp:490:57: note: in definition of macro 'get_alignment'
  490 |     if (!(typestr[0] == 'u') && !(typestr[string_length(typestr)-1] == '*'))                              \
      |                                                         ^~~~~~~
configure:20003: $? = 0
configure:20003: ./conftest
configure:20003: $? = 0
configure:20005: result: created include/cln/intparam.h
configure:20032: checking for floating-point types and behaviour
configure:20265: g++ -std=gnu++11 -o conftest -g -O2   conftest.cpp  >&5
configure:20265: $? = 0
configure:20265: ./conftest
configure:20265: $? = 0
configure:20267: result: created include/cln/floatparam.h
configure:20314: checking for ld
configure:20445: result: ld -m elf_x86_64
configure:20452: checking if the linker (ld -m elf_x86_64) is GNU ld
configure:20468: result: yes
configure:20476: checking for shared library run path origin
configure:20490: result: done
configure:20512: checking 32-bit host C ABI
configure:20579: g++ -std=gnu++11 -c -g -O2  conftest.cpp >&5
configure:20579: $? = 0
configure:20775: result: no
configure:20784: checking for ELF binary format
configure:20808: result: yes
configure:20860: checking for the common suffixes of directories in the library search path
configure:20929: result: lib,lib,lib64
configure:20948: checking for recent enough gmp.h
configure:20962: g++ -E -std=gnu++11  conftest.cpp
configure:20962: $? = 0
configure:20971: result: yes
configure:20974: checking for working libgmp
configure:20994: g++ -std=gnu++11 -o conftest -g -O2   conftest.cpp  -lgmp >&5
configure:20994: $? = 0
configure:21004: result: yes
configure:21011: checking how large gmp demands uintD to be
configure:21036: g++ -std=gnu++11 -c -g -O2  conftest.cpp >&5
configure:21036: $? = 0
configure:21060: g++ -std=gnu++11 -c -g -O2  conftest.cpp >&5
conftest.cpp:41:60: error: aggregate 'Static_Assert<false> check' has incomplete type and cannot be defined
   41 |          Static_Assert<(sizeof(mp_limb_t) > sizeof(long))> check;
      |                                                            ^~~~~
configure:21060: $? = 1
configure: failed program was:
| /* confdefs.h */
| #define PACKAGE_NAME "cln"
| #define PACKAGE_TARNAME "cln"
| #define PACKAGE_VERSION "1.3.7"
| #define PACKAGE_STRING "cln 1.3.7"
| #define PACKAGE_BUGREPORT ""
| #define PACKAGE_URL ""
| #define PACKAGE "cln"
| #define VERSION "1.3.7"
| #ifndef __x86_64__
| #define __x86_64__ 1
| #endif
| #define HAVE_STDIO_H 1
| #define HAVE_STDLIB_H 1
| #define HAVE_STRING_H 1
| #define HAVE_INTTYPES_H 1
| #define HAVE_STDINT_H 1
| #define HAVE_STRINGS_H 1
| #define HAVE_SYS_STAT_H 1
| #define HAVE_SYS_TYPES_H 1
| #define HAVE_UNISTD_H 1
| #define STDC_HEADERS 1
| #define HAVE_DLFCN_H 1
| #define LT_OBJDIR ".libs/"
| #define HAVE_CXX11 1
| #define ALIGNOF_VOIDP 8
| #define cl_word_alignment 8
| #define HAVE_UNISTD_H 1
| #define HAVE_ALLOCA_H /**/
| #define HAVE_GETTIMEOFDAY 1
| #define GETTIMEOFDAY_TZP_T void *
| #define HAVE_SYS_RESOURCE_H 1
| #define HAVE_SYS_TIMES_H 1
| #define HAVE_GETRUSAGE /**/
| #define RUSAGE_WHO_T int
| #define CL_HAVE_ATTRIBUTE_FLATTEN /**/
| /* end confdefs.h.  */
| #include <gmp.h>
| 	 template<bool COND> struct Static_Assert;
| 	 template<> struct Static_Assert<true> { };
| 	 Static_Assert<(sizeof(mp_limb_t) > sizeof(long))> check;
| int
| main (void)
| {
| 
|   ;
|   return 0;
| }
configure:21080: g++ -std=gnu++11 -c -g -O2  conftest.cpp >&5
configure:21080: $? = 0
configure:21115: result: GMP_DEMANDS_UINTD_LONG
configure:21567: checking that generated files are newer than configure
configure:21573: result: done
configure:21605: creating ./config.status

## ---------------------- ##
## Running config.status. ##
## ---------------------- ##

This file was extended by cln config.status 1.3.7, which was
generated by GNU Autoconf 2.71.  Invocation command line was

  CONFIG_FILES    = 
  CONFIG_HEADERS  = 
  CONFIG_LINKS    = 
  CONFIG_COMMANDS = 
  $ ./config.status 

on framework

config.status:1185: creating Makefile
config.status:1185: creating src/Makefile
config.status:1185: creating tests/Makefile
config.status:1185: creating examples/Makefile
config.status:1185: creating doc/Makefile
config.status:1185: creating benchmarks/Makefile
config.status:1185: creating cln.spec
config.status:1185: creating cln.pc
config.status:1185: creating autoconf/cl_config.h
config.status:1185: creating include/cln/config.h
config.status:1185: creating include/cln/host_cpu.h
config.status:1185: creating src/base/cl_base_config.h
config.status:1185: creating src/base/cl_gmpconfig.h
config.status:1185: creating src/timing/cl_t_config.h
config.status:1414: executing depfiles commands
config.status:1491: cd src       && sed -e '/# am--include-marker/d' Makefile         | make -f - am--depfiles
config.status:1496: $? = 0
config.status:1491: cd tests       && sed -e '/# am--include-marker/d' Makefile         | make -f - am--depfiles
config.status:1496: $? = 0
config.status:1491: cd examples       && sed -e '/# am--include-marker/d' Makefile         | make -f - am--depfiles
config.status:1496: $? = 0
config.status:1491: cd benchmarks       && sed -e '/# am--include-marker/d' Makefile         | make -f - am--depfiles
config.status:1496: $? = 0
config.status:1414: executing libtool commands

## ---------------- ##
## Cache variables. ##
## ---------------- ##

ac_cv_alignof_voidp=8
ac_cv_build=x86_64-pc-linux-gnu
ac_cv_c_bigendian=no
ac_cv_c_char_unsigned=no
ac_cv_c_compiler_gnu=yes
ac_cv_cxx_compiler_gnu=yes
ac_cv_env_CCASFLAGS_set=
ac_cv_env_CCASFLAGS_value=
ac_cv_env_CCAS_set=
ac_cv_env_CCAS_value=
ac_cv_env_CCC_set=
ac_cv_env_CCC_value=
ac_cv_env_CC_set=set
ac_cv_env_CC_value=gcc
ac_cv_env_CFLAGS_set=
ac_cv_env_CFLAGS_value=
ac_cv_env_CPPFLAGS_set=
ac_cv_env_CPPFLAGS_value=
ac_cv_env_CPP_set=
ac_cv_env_CPP_value=
ac_cv_env_CXXCPP_set=
ac_cv_env_CXXCPP_value=
ac_cv_env_CXXFLAGS_set=
ac_cv_env_CXXFLAGS_value=
ac_cv_env_CXX_set=set
ac_cv_env_CXX_value=g++
ac_cv_env_LDFLAGS_set=
ac_cv_env_LDFLAGS_value=
ac_cv_env_LIBS_set=
ac_cv_env_LIBS_value=
ac_cv_env_LT_SYS_LIBRARY_PATH_set=
ac_cv_env_LT_SYS_LIBRARY_PATH_value=
ac_cv_env_build_alias_set=
ac_cv_env_build_alias_value=
ac_cv_env_host_alias_set=
ac_cv_env_host_alias_value=
ac_cv_env_target_alias_set=
ac_cv_env_target_alias_value=
ac_cv_func_ftime=no
ac_cv_func_gettimeofday=yes
ac_cv_header_dlfcn_h=yes
ac_cv_header_inttypes_h=yes
ac_cv_header_stdint_h=yes
ac_cv_header_stdio_h=yes
ac_cv_header_stdlib_h=yes
ac_cv_header_string_h=yes
ac_cv_header_strings_h=yes
ac_cv_header_sys_resource_h=yes
ac_cv_header_sys_stat_h=yes
ac_cv_header_sys_times_h=yes
ac_cv_header_sys_types_h=yes
ac_cv_header_unistd_h=yes
ac_cv_host=x86_64-pc-linux-gnu
ac_cv_objext=o
ac_cv_path_EGREP='/nix/store/qjsj5vnbfpbg6r7jhd7znfgmcy0arn8n-gnugrep-3.11/bin/grep -E'
ac_cv_path_FGREP='/nix/store/qjsj5vnbfpbg6r7jhd7znfgmcy0arn8n-gnugrep-3.11/bin/grep -F'
ac_cv_path_GREP=/nix/store/qjsj5vnbfpbg6r7jhd7znfgmcy0arn8n-gnugrep-3.11/bin/grep
ac_cv_path_SED=/nix/store/3ks7b6p43dpvnlnxgvlcy2jaf1np37p2-gnused-4.9/bin/sed
ac_cv_path_install='/nix/store/9m68vvhnsq5cpkskphgw84ikl9m6wjwp-coreutils-9.5/bin/install -c'
ac_cv_path_lt_DD=/nix/store/9m68vvhnsq5cpkskphgw84ikl9m6wjwp-coreutils-9.5/bin/dd
ac_cv_path_mkdir=/nix/store/9m68vvhnsq5cpkskphgw84ikl9m6wjwp-coreutils-9.5/bin/mkdir
ac_cv_prog_AWK=gawk
ac_cv_prog_CPP='gcc -E'
ac_cv_prog_CXXCPP='g++ -E'
ac_cv_prog_ac_ct_CC=gcc
ac_cv_prog_ac_ct_FILECMD=file
ac_cv_prog_ac_ct_OBJDUMP=objdump
ac_cv_prog_ac_ct_RANLIB=ranlib
ac_cv_prog_ac_ct_STRIP=strip
ac_cv_prog_cc_c11=
ac_cv_prog_cc_g=yes
ac_cv_prog_cc_stdc=
ac_cv_prog_cxx_cxx11=
ac_cv_prog_cxx_g=yes
ac_cv_prog_cxx_stdcxx=
ac_cv_prog_make_make_set=yes
acl_cv_hardcode_direct=no
acl_cv_hardcode_libdir_flag_spec='${wl}-rpath ${wl}$libdir'
acl_cv_hardcode_libdir_separator=
acl_cv_hardcode_minus_L=no
acl_cv_libdirstems=lib,lib,lib64
acl_cv_libext=a
acl_cv_libname_spec='lib$name'
acl_cv_library_names_spec='$libname$shrext'
acl_cv_prog_gnu_ld=yes
acl_cv_rpath=done
acl_cv_shlibext=so
acl_cv_wl=-Wl,
am_cv_CCAS_dependencies_compiler_type=gcc3
am_cv_CC_dependencies_compiler_type=gcc3
am_cv_CXX_dependencies_compiler_type=gcc3
am_cv_make_support_nested_variables=yes
am_cv_prog_cc_c_o=yes
ax_cv_cxx_compile_cxx11__std_gnupp11=yes
cl_cv_as_noexecstack=yes
cl_cv_file_floatparam_h=1
cl_cv_file_intparam_h=1
cl_cv_func_alloca=yes
cl_cv_func_getrusage=yes
cl_cv_func_getrusage_works=yes
cl_cv_gmp_set_uintd=GMP_DEMANDS_UINTD_LONG
cl_cv_have_attr_flatten=yes
cl_cv_header_alloca_h=yes
cl_cv_host_x86_64=yes
cl_cv_new_gmp_h=yes
cl_cv_new_libgmp=yes
cl_cv_prog_as_underscore=no
cl_cv_proto_getrusage='extern int getrusage (int, struct rusage *);'
cl_cv_proto_getrusage_arg1=int
cl_cv_proto_gettimeofday='extern int gettimeofday (struct timeval *, void *);'
cl_cv_proto_gettimeofday_arg2='void *'
cl_cv_proto_gettimeofday_dots=no
gl_cv_elf=yes
gl_cv_host_cpu_c_abi_32bit=no
lt_cv_ar_at_file=@
lt_cv_archive_cmds_need_lc=no
lt_cv_deplibs_check_method=pass_all
lt_cv_file_magic_cmd='$MAGIC_CMD'
lt_cv_file_magic_test_file=
lt_cv_ld_reload_flag=-r
lt_cv_nm_interface='BSD nm'
lt_cv_objdir=.libs
lt_cv_path_LD=ld
lt_cv_path_LDCXX='ld -m elf_x86_64'
lt_cv_path_NM=nm
lt_cv_path_mainfest_tool=no
lt_cv_prog_compiler_c_o=yes
lt_cv_prog_compiler_c_o_CXX=yes
lt_cv_prog_compiler_pic='-fPIC -DPIC'
lt_cv_prog_compiler_pic_CXX='-fPIC -DPIC'
lt_cv_prog_compiler_pic_works=yes
lt_cv_prog_compiler_pic_works_CXX=yes
lt_cv_prog_compiler_rtti_exceptions=no
lt_cv_prog_compiler_static_works=no
lt_cv_prog_compiler_static_works_CXX=no
lt_cv_prog_gnu_ld=yes
lt_cv_prog_gnu_ldcxx=yes
lt_cv_sharedlib_from_linklib_cmd='printf %s\n'
lt_cv_shlibpath_overrides_runpath=yes
lt_cv_sys_global_symbol_pipe='/nix/store/3ks7b6p43dpvnlnxgvlcy2jaf1np37p2-gnused-4.9/bin/sed -n -e '\''s/^.*[	 ]\([ABCDGIRSTW][ABCDGIRSTW]*\)[	 ][	 ]*\([_A-Za-z][_A-Za-z0-9]*\)$/\1 \2 \2/p'\'' | /nix/store/3ks7b6p43dpvnlnxgvlcy2jaf1np37p2-gnused-4.9/bin/sed '\''/ __gnu_lto/d'\'''
lt_cv_sys_global_symbol_to_c_name_address='/nix/store/3ks7b6p43dpvnlnxgvlcy2jaf1np37p2-gnused-4.9/bin/sed -n -e '\''s/^: \(.*\) .*$/  {"\1", (void *) 0},/p'\'' -e '\''s/^[ABCDGIRSTW][ABCDGIRSTW]* .* \(.*\)$/  {"\1", (void *) \&\1},/p'\'''
lt_cv_sys_global_symbol_to_c_name_address_lib_prefix='/nix/store/3ks7b6p43dpvnlnxgvlcy2jaf1np37p2-gnused-4.9/bin/sed -n -e '\''s/^: \(.*\) .*$/  {"\1", (void *) 0},/p'\'' -e '\''s/^[ABCDGIRSTW][ABCDGIRSTW]* .* \(lib.*\)$/  {"\1", (void *) \&\1},/p'\'' -e '\''s/^[ABCDGIRSTW][ABCDGIRSTW]* .* \(.*\)$/  {"lib\1", (void *) \&\1},/p'\'''
lt_cv_sys_global_symbol_to_cdecl='/nix/store/3ks7b6p43dpvnlnxgvlcy2jaf1np37p2-gnused-4.9/bin/sed -n -e '\''s/^T .* \(.*\)$/extern int \1();/p'\'' -e '\''s/^[ABCDGIRSTW][ABCDGIRSTW]* .* \(.*\)$/extern char \1;/p'\'''
lt_cv_sys_global_symbol_to_import=
lt_cv_sys_max_cmd_len=1572864
lt_cv_to_host_file_cmd=func_convert_file_noop
lt_cv_to_tool_file_cmd=func_convert_file_noop
lt_cv_truncate_bin='/nix/store/9m68vvhnsq5cpkskphgw84ikl9m6wjwp-coreutils-9.5/bin/dd bs=4096 count=1'

## ----------------- ##
## Output variables. ##
## ----------------- ##

ACLOCAL='${SHELL} '\''/home/duda/Downloads/programming/playground/floating_point/cln-1.3.7/build-aux/missing'\'' aclocal-1.16'
ALLOCA=''
AMDEPBACKSLASH='\'
AMDEP_FALSE='#'
AMDEP_TRUE=''
AMTAR='$${TAR-tar}'
AM_BACKSLASH='\'
AM_DEFAULT_V='$(AM_DEFAULT_VERBOSITY)'
AM_DEFAULT_VERBOSITY='1'
AM_V='$(V)'
AR='ar'
AS_UNDERSCORE='false'
AUTOCONF='${SHELL} '\''/home/duda/Downloads/programming/playground/floating_point/cln-1.3.7/build-aux/missing'\'' autoconf'
AUTOHEADER='${SHELL} '\''/home/duda/Downloads/programming/playground/floating_point/cln-1.3.7/build-aux/missing'\'' autoheader'
AUTOMAKE='${SHELL} '\''/home/duda/Downloads/programming/playground/floating_point/cln-1.3.7/build-aux/missing'\'' automake-1.16'
AWK='gawk'
CC='gcc'
CCAS='gcc'
CCASDEPMODE='depmode=gcc3'
CCASFLAGS='-g -O2 -Wa,--noexecstack'
CCDEPMODE='depmode=gcc3'
CFLAGS='-g -O2'
CLNLIB_RPATH='-Wl,-rpath -Wl,${libdir}'
CL_VERSION='1.3.7'
CPP='gcc -E'
CPPFLAGS=''
CSCOPE='cscope'
CTAGS='ctags'
CXX='g++ -std=gnu++11'
CXXCPP='g++ -E -std=gnu++11'
CXXDEPMODE='depmode=gcc3'
CXXFLAGS='-g -O2'
CYGPATH_W='echo'
DEFS='-DHAVE_CONFIG_H'
DEPDIR='.deps'
DLLTOOL='false'
DSYMUTIL=''
DUMPBIN=''
ECHO_C=''
ECHO_N='-n'
ECHO_T=''
EGREP='/nix/store/qjsj5vnbfpbg6r7jhd7znfgmcy0arn8n-gnugrep-3.11/bin/grep -E'
ETAGS='etags'
EXEEXT=''
FGREP='/nix/store/qjsj5vnbfpbg6r7jhd7znfgmcy0arn8n-gnugrep-3.11/bin/grep -F'
FILECMD='file'
GMP_RPATH_CFG=''
GREP='/nix/store/qjsj5vnbfpbg6r7jhd7znfgmcy0arn8n-gnugrep-3.11/bin/grep'
HAVE_CXX11='1'
INSTALL_DATA='${INSTALL} -m 644'
INSTALL_PROGRAM='${INSTALL}'
INSTALL_SCRIPT='${INSTALL}'
INSTALL_STRIP_PROGRAM='$(install_sh) -c -s'
LD='ld -m elf_x86_64'
LDFLAGS=''
LIBOBJS=''
LIBS=' -lgmp'
LIBTOOL='$(SHELL) $(top_builddir)/libtool'
LIPO=''
LN_S='ln -s'
LTLIBOBJS=''
LT_SYS_LIBRARY_PATH=''
LT_VERSION_INFO='6:7:0'
MAKEINFO='${SHELL} '\''/home/duda/Downloads/programming/playground/floating_point/cln-1.3.7/build-aux/missing'\'' makeinfo'
MANIFEST_TOOL=':'
MKDIR_P='/nix/store/9m68vvhnsq5cpkskphgw84ikl9m6wjwp-coreutils-9.5/bin/mkdir -p'
NM='nm'
NMEDIT=''
OBJDUMP='objdump'
OBJEXT='o'
OTOOL64=''
OTOOL=''
PACKAGE='cln'
PACKAGE_BUGREPORT=''
PACKAGE_NAME='cln'
PACKAGE_STRING='cln 1.3.7'
PACKAGE_TARNAME='cln'
PACKAGE_URL=''
PACKAGE_VERSION='1.3.7'
PATH_SEPARATOR=':'
RANLIB='ranlib'
SED='/nix/store/3ks7b6p43dpvnlnxgvlcy2jaf1np37p2-gnused-4.9/bin/sed'
SET_MAKE=''
SHELL='/nix/store/8vpg72ik2kgxfj05lc56hkqrdrfl8xi9-bash-5.2p37/bin/bash'
STRIP='strip'
VERSION='1.3.7'
ac_ct_AR=''
ac_ct_CC='gcc'
ac_ct_CXX=''
ac_ct_DUMPBIN=''
am__EXEEXT_FALSE=''
am__EXEEXT_TRUE='#'
am__fastdepCCAS_FALSE='#'
am__fastdepCCAS_TRUE=''
am__fastdepCC_FALSE='#'
am__fastdepCC_TRUE=''
am__fastdepCXX_FALSE='#'
am__fastdepCXX_TRUE=''
am__include='include'
am__isrc=''
am__leading_dot='.'
am__nodep='_no'
am__quote=''
am__tar='$${TAR-tar} chof - "$$tardir"'
am__untar='$${TAR-tar} xf -'
bindir='${exec_prefix}/bin'
build='x86_64-pc-linux-gnu'
build_alias=''
build_cpu='x86_64'
build_os='linux-gnu'
build_vendor='pc'
datadir='${datarootdir}'
datarootdir='${prefix}/share'
docdir='${datarootdir}/doc/${PACKAGE_TARNAME}'
dvidir='${docdir}'
exec_prefix='${prefix}'
host='x86_64-pc-linux-gnu'
host_alias=''
host_cpu='x86_64'
host_os='linux-gnu'
host_vendor='pc'
htmldir='${docdir}'
includedir='${prefix}/include'
infodir='${datarootdir}/info'
install_sh='${SHELL} /home/duda/Downloads/programming/playground/floating_point/cln-1.3.7/build-aux/install-sh'
libdir='${exec_prefix}/lib'
libexecdir='${exec_prefix}/libexec'
localedir='${datarootdir}/locale'
localstatedir='${prefix}/var'
mandir='${datarootdir}/man'
mkdir_p='$(MKDIR_P)'
oldincludedir='/usr/include'
pdfdir='${docdir}'
prefix='/usr/local'
program_transform_name='s,x,x,'
psdir='${docdir}'
runstatedir='${localstatedir}/run'
sbindir='${exec_prefix}/sbin'
sharedstatedir='${prefix}/com'
sysconfdir='${prefix}/etc'
target_alias=''

## ----------- ##
## confdefs.h. ##
## ----------- ##

/* confdefs.h */
#define PACKAGE_NAME "cln"
#define PACKAGE_TARNAME "cln"
#define PACKAGE_VERSION "1.3.7"
#define PACKAGE_STRING "cln 1.3.7"
#define PACKAGE_BUGREPORT ""
#define PACKAGE_URL ""
#define PACKAGE "cln"
#define VERSION "1.3.7"
#ifndef __x86_64__
#define __x86_64__ 1
#endif
#define HAVE_STDIO_H 1
#define HAVE_STDLIB_H 1
#define HAVE_STRING_H 1
#define HAVE_INTTYPES_H 1
#define HAVE_STDINT_H 1
#define HAVE_STRINGS_H 1
#define HAVE_SYS_STAT_H 1
#define HAVE_SYS_TYPES_H 1
#define HAVE_UNISTD_H 1
#define STDC_HEADERS 1
#define HAVE_DLFCN_H 1
#define LT_OBJDIR ".libs/"
#define HAVE_CXX11 1
#define ALIGNOF_VOIDP 8
#define cl_word_alignment 8
#define HAVE_UNISTD_H 1
#define HAVE_ALLOCA_H /**/
#define HAVE_GETTIMEOFDAY 1
#define GETTIMEOFDAY_TZP_T void *
#define HAVE_SYS_RESOURCE_H 1
#define HAVE_SYS_TIMES_H 1
#define HAVE_GETRUSAGE /**/
#define RUSAGE_WHO_T int
#define CL_HAVE_ATTRIBUTE_FLATTEN /**/
#define GMP_DEMANDS_UINTD_LONG 1
#define CL_USE_GMP 1

configure: exit 0
